<?xml version="1.0" encoding="UTF-8"?>
<!-- Generated by org.testng.reporters.JUnitXMLReporter -->
<testsuite ignored="0" hostname="DESKTOP-PIHJHIT" failures="0" tests="6" name="Demo" time="0.202" errors="0" timestamp="2023-10-13T10:12:31 IST">
  <testcase classname="TestNG.Demo1" name="TestDemo1" time="0.009"/>
  <testcase classname="TestNG.Demo1" name="TestDemo2" time="0.002"/>
  <testcase classname="TestNG.Demo1" name="afterTest" time="0.004"/>
  <testcase classname="TestNG.Demo1" name="beforeTest" time="0.003"/>
  <testcase classname="TestNG.Demo2" name="Test1" time="0.005"/>
  <testcase classname="TestNG.Demo2" name="Test2" time="0.005"/>
</testsuite> <!-- Demo -->
