<?xml version="1.0" encoding="UTF-8"?>
<!-- Generated by org.testng.reporters.JUnitXMLReporter -->
<testsuite ignored="0" hostname="DESKTOP-PIHJHIT" failures="0" tests="6" name="Loans" time="0.053" errors="0" timestamp="2023-10-13T10:12:31 IST">
  <testcase classname="TestNG.Carloan" name="Honda" time="0.003"/>
  <testcase classname="TestNG.Carloan" name="Maruti" time="0.004"/>
  <testcase classname="TestNG.Carloan" name="afterTest" time="0.007"/>
  <testcase classname="TestNG.Carloan" name="beforeTest" time="0.003"/>
  <testcase classname="TestNG.HomeLoan" name="Duplex" time="0.003"/>
  <testcase classname="TestNG.HomeLoan" name="Villa" time="0.003"/>
</testsuite> <!-- Loans -->
