<?xml version="1.0" encoding="UTF-8"?>
<!-- Generated by org.testng.reporters.JUnitXMLReporter -->
<testsuite ignored="1" hostname="DESKTOP-PIHJHIT" failures="0" tests="7" name="Demo" time="0.172" errors="0" timestamp="2023-10-13T10:41:39 IST">
  <testcase classname="TestNG.Demo1" name="TestDemo2" time="0.024"/>
  <testcase classname="TestNG.Demo1" name="afsuite" time="0.002"/>
  <testcase classname="TestNG.Demo1" name="afterTest" time="0.003"/>
  <testcase classname="TestNG.Demo1" name="beforeTest" time="0.002"/>
  <testcase classname="TestNG.Demo1" name="bfsuite" time="0.002"/>
  <testcase classname="TestNG.Demo2" name="Test1" time="0.002"/>
  <testcase classname="TestNG.Demo2" name="Test2" time="0.002"/>
  <testcase classname="TestNG.Demo1" name="TestDemo1" time="0.0">
    <ignored/>
  </testcase> <!-- TestDemo1 -->
</testsuite> <!-- Demo -->
