<?xml version="1.0" encoding="UTF-8"?>
<!-- Generated by org.testng.reporters.JUnitXMLReporter -->
<testsuite ignored="6" hostname="DESKTOP-PIHJHIT" failures="0" tests="2" name="Loans" time="0.028" errors="0" timestamp="2023-10-13T10:41:40 IST">
  <testcase classname="TestNG.Carloan" name="Honda" time="0.002"/>
  <testcase classname="TestNG.HomeLoan" name="Duplex" time="0.008"/>
  <testcase classname="TestNG.Carloan" name="beforeTest" time="0.0">
    <ignored/>
  </testcase> <!-- beforeTest -->
  <testcase classname="TestNG.Carloan" name="afterTest" time="0.0">
    <ignored/>
  </testcase> <!-- afterTest -->
  <testcase classname="TestNG.Carloan" name="Maruti" time="0.0">
    <ignored/>
  </testcase> <!-- Maruti -->
  <testcase classname="TestNG.HomeLoan" name="Villa2" time="0.0">
    <ignored/>
  </testcase> <!-- Villa2 -->
  <testcase classname="TestNG.HomeLoan" name="Villa" time="0.0">
    <ignored/>
  </testcase> <!-- Villa -->
  <testcase classname="TestNG.HomeLoan" name="Villa1" time="0.0">
    <ignored/>
  </testcase> <!-- Villa1 -->
</testsuite> <!-- Loans -->
