<?xml version="1.0" encoding="UTF-8"?>
<testng-results ignored="0" total="2" passed="2" failed="0" skipped="0">
  <reporter-output>
  </reporter-output>
  <suite started-at="2023-10-29T22:31:07 IST" name="Default suite" finished-at="2023-10-29T22:31:08 IST" duration-ms="191">
    <groups>
    </groups>
    <test started-at="2023-10-29T22:31:07 IST" name="Default test" finished-at="2023-10-29T22:31:08 IST" duration-ms="191">
      <class name="TestNG.ProviderTest">
        <test-method signature="credentials(java.lang.String,java.lang.String)[pri:0, instance:TestNG.ProviderTest@2892d68]" started-at="2023-10-29T22:31:08 IST" name="credentials" data-provider="getData" finished-at="2023-10-29T22:31:08 IST" duration-ms="12" status="PASS">
          <params>
            <param index="0">
              <value>
                <![CDATA[umatejaswi]]>
              </value>
            </param>
            <param index="1">
              <value>
                <![CDATA[uma]]>
              </value>
            </param>
          </params>
          <reporter-output>
          </reporter-output>
        </test-method> <!-- credentials -->
        <test-method signature="credentials(java.lang.String,java.lang.String)[pri:0, instance:TestNG.ProviderTest@2892d68]" started-at="2023-10-29T22:31:08 IST" name="credentials" data-provider="getData" finished-at="2023-10-29T22:31:08 IST" duration-ms="9" status="PASS">
          <params>
            <param index="0">
              <value>
                <![CDATA[tejaswi]]>
              </value>
            </param>
            <param index="1">
              <value>
                <![CDATA[teja]]>
              </value>
            </param>
          </params>
          <reporter-output>
          </reporter-output>
        </test-method> <!-- credentials -->
      </class> <!-- TestNG.ProviderTest -->
    </test> <!-- Default test -->
  </suite> <!-- Default suite -->
</testng-results>
